<?xml version="1.0" encoding="UTF-8"?>
<!-- Generated by org.testng.reporters.JUnitReportReporter -->
<testsuite hostname="DESKTOP-LL5DU3J" failures="0" tests="1" name="com.inetbanking.testcases.Req_003_NewCustomerOptions" time="0.000" errors="0" timestamp="2026-06-29T19:08:37 IST" skipped="1">
  <testcase classname="com.inetbanking.testcases.Req_003_NewCustomerOptions" name="validateNewCustomerPage" time="0.000">
    <skipped/>
  </testcase> <!-- validateNewCustomerPage -->
</testsuite> <!-- com.inetbanking.testcases.Req_003_NewCustomerOptions -->
