<?xml version="1.0" encoding="UTF-8"?>
<testng-results ignored="0" total="2" passed="2" failed="0" skipped="0">
  <reporter-output>
  </reporter-output>
  <suite started-at="2026-06-30T18:40:08 IST" name="Suite" finished-at="2026-06-30T18:40:30 IST" duration-ms="21345">
    <groups>
      <group name="login">
        <method signature="Req_002_LoginValidation.loginTest(java.lang.String,java.lang.String)[pri:0, instance:com.inetbanking.testcases.Req_002_LoginValidation@60db1c0e]" name="loginTest" class="com.inetbanking.testcases.Req_002_LoginValidation"/>
      </group> <!-- login -->
    </groups>
    <test started-at="2026-06-30T18:40:08 IST" name="Login" finished-at="2026-06-30T18:40:30 IST" duration-ms="21345">
      <class name="com.inetbanking.testcases.Req_003_AdminOptions">
        <test-method signature="AdminOptions(java.lang.String,java.lang.String,java.lang.String,java.lang.String,java.lang.String)[pri:0, instance:com.inetbanking.testcases.Req_003_AdminOptions@41f69e84]" started-at="2026-06-30T18:40:15 IST" name="AdminOptions" data-provider="orgData" finished-at="2026-06-30T18:40:30 IST" depends-on-methods="loginTest" duration-ms="14768" status="PASS">
          <params>
            <param index="0">
              <value>
                <![CDATA[OrangeHRM]]>
              </value>
            </param>
            <param index="1">
              <value>
                <![CDATA[1234.0]]>
              </value>
            </param>
            <param index="2">
              <value>
                <![CDATA[9573.0]]>
              </value>
            </param>
            <param index="3">
              <value>
                <![CDATA[659179.0]]>
              </value>
            </param>
            <param index="4">
              <value>
                <![CDATA[1234.0]]>
              </value>
            </param>
          </params>
          <reporter-output>
          </reporter-output>
        </test-method> <!-- AdminOptions -->
      </class> <!-- com.inetbanking.testcases.Req_003_AdminOptions -->
      <class name="com.inetbanking.testcases.Baseclass">
        <test-method is-config="true" signature="setup()[pri:0, instance:com.inetbanking.testcases.Baseclass@448c8166]" started-at="2026-06-30T18:39:43 IST" name="setup" finished-at="2026-06-30T18:40:08 IST" duration-ms="25250" status="PASS">
          <reporter-output>
          </reporter-output>
        </test-method> <!-- setup -->
      </class> <!-- com.inetbanking.testcases.Baseclass -->
      <class name="com.inetbanking.testcases.Req_002_LoginValidation">
        <test-method signature="loginTest(java.lang.String,java.lang.String)[pri:0, instance:com.inetbanking.testcases.Req_002_LoginValidation@60db1c0e]" started-at="2026-06-30T18:40:10 IST" name="loginTest" data-provider="loginData" finished-at="2026-06-30T18:40:15 IST" duration-ms="4827" status="PASS">
          <params>
            <param index="0">
              <value>
                <![CDATA[Admin]]>
              </value>
            </param>
            <param index="1">
              <value>
                <![CDATA[admin123]]>
              </value>
            </param>
          </params>
          <reporter-output>
          </reporter-output>
        </test-method> <!-- loginTest -->
      </class> <!-- com.inetbanking.testcases.Req_002_LoginValidation -->
    </test> <!-- Login -->
  </suite> <!-- Suite -->
</testng-results>
