<?xml version="1.0" encoding="UTF-8"?>
<!-- Generated by org.testng.reporters.JUnitXMLReporter -->
<testsuite ignored="2" hostname="DESKTOP-LL5DU3J" failures="0" tests="2" name="Login" time="21.345" errors="0" timestamp="2026-06-30T18:40:38 IST">
  <testcase classname="com.inetbanking.testcases.Req_002_LoginValidation" name="loginTest" time="4.827"/>
  <testcase classname="com.inetbanking.testcases.Req_003_AdminOptions" name="AdminOptions" time="14.768"/>
  <testcase classname="com.inetbanking.testcases.Baseclass" name="@BeforeSuite setup" time="0.0">
    <ignored/>
  </testcase> <!-- @BeforeSuite setup -->
  <testcase classname="com.inetbanking.testcases.Baseclass" name="@BeforeSuite setup" time="0.0">
    <ignored/>
  </testcase> <!-- @BeforeSuite setup -->
</testsuite> <!-- Login -->
